=== Batch run started at 04/25/2026 08:33:34 ===
[08:33:34] [fengya] Submitting, prompt len=2654
[08:33:36] [fengya] OK taskId=11-ce76a933-f751-4207-bb65-c3cb8815c969
[08:33:38] [yufeng] Submitting, prompt len=2893
[08:33:39] [yufeng] OK taskId=2-db26152d-317e-40be-83a1-71ce5b25361b
[08:33:41] [tilion] Submitting, prompt len=2885
[08:33:41] [tilion] OK taskId=3-10ec5ec1-a484-4370-a4d9-24296aca55e2
[08:33:43] [foxlanz] Submitting, prompt len=2937
[08:33:44] [foxlanz] OK taskId=11-87619e4b-0bb3-400f-9b62-ce904e44297a
[08:33:46] [aki] Submitting, prompt len=2867
[08:33:47] [aki] OK taskId=16-7b4a38a3-a6b6-457d-a5fe-b190055daa0c
[08:33:49] [wolvol] Submitting, prompt len=2913
[08:33:49] [wolvol] OK taskId=3-d5abe3ed-4dbd-4a0f-9837-f51aa3e5de76
[08:33:51] [fengya] Polling taskId=11-ce76a933-f751-4207-bb65-c3cb8815c969
[08:34:08] [fengya] poll 3: running
[08:34:19] [fengya] SUCCESS https://file.nanobananapro.cloud/20260425/f4bf881163d5481d85209e08e5c02562.png
[08:34:19] [yufeng] Polling taskId=2-db26152d-317e-40be-83a1-71ce5b25361b
[08:34:25] [yufeng] SUCCESS https://file.nanobananapro.cloud/20260425/15e0b628404e41cab55dd6ec04224e43.png
[08:34:25] [tilion] Polling taskId=3-10ec5ec1-a484-4370-a4d9-24296aca55e2
[08:34:42] [tilion] poll 3: running
[08:34:59] [tilion] poll 6: running
[08:35:04] [tilion] SUCCESS https://file.nanobananapro.cloud/20260425/073207224d0d414b886ac5c3ce15a135.png
[08:35:04] [foxlanz] Polling taskId=11-87619e4b-0bb3-400f-9b62-ce904e44297a
[08:35:10] [foxlanz] SUCCESS https://file.nanobananapro.cloud/20260425/d5ac64f53faf4b009972b18082e067a4.png
[08:35:10] [aki] Polling taskId=16-7b4a38a3-a6b6-457d-a5fe-b190055daa0c
[08:35:15] [aki] SUCCESS https://file.nanobananapro.cloud/20260425/8a7d68a9eade4568af5ddd8e54f43e4e.png
[08:35:15] [wolvol] Polling taskId=3-d5abe3ed-4dbd-4a0f-9837-f51aa3e5de76
[08:35:21] [wolvol] SUCCESS https://file.nanobananapro.cloud/20260425/4b5b14caed2a4c479558a68eae8e4baf.png
[08:35:21] === All done ===
